MakeSkin.exe ver 0.4

Total decompressed binary size = 3050252byte
Compress ZLIB colortbl.ini 2796->1092byte
Compress ZLIB ErrorDialogBG.tgf 30112->8368byte
Compress ZLIB cmps_BoxMin.tgf 368->48byte
Compress ZLIB cmps_BoxPlus.tgf 368->60byte
Compress ZLIB cmps_ChkOff.tgf 656->64byte
Compress ZLIB cmps_ChkOn.tgf 656->64byte
Compress ZLIB cmps_RadioOff.tgf 316->32byte
Compress ZLIB cmps_RadioOn.tgf 316->44byte
Compress ZLIB cmps_Ok.tgf 260->104byte
Compress ZLIB cmps_Cancel.tgf 368->208byte
Compress ZLIB FL_BG_TopMsg.b15 98312->33388byte
Compress ZLIB FL_BG_Top.b15 98312->33600byte
Compress ZLIB FL_BG_Bottom.b15 98312->22556byte
Compress ZLIB FL_DeleteFileDialog.b15 24584->4720byte
Compress ZLIB FL_Single_ItemBG_Clear.tgf 1100->44byte
Compress ZLIB FL_Double_ItemBG_Clear.tgf 1164->44byte
Compress ZLIB FL_Single_ItemBG_Select.tgf 9212->432byte
Compress ZLIB FL_Double_ItemBG_Select.tgf 16112->488byte
Compress ZLIB FL_Single_ItemBG_PlayIcon.tgf 820->404byte
Compress ZLIB FL_Double_ItemBG_PlayIcon.tgf 800->400byte
Compress ZLIB FL_Single_Icon_UpFolder.tgf 312->180byte
Compress ZLIB FL_Double_Icon_UpFolder.tgf 2420->616byte
Compress ZLIB FL_Single_Icon_Folder.tgf 448->180byte
Compress ZLIB FL_Double_Icon_Folder.tgf 2480->840byte
Compress ZLIB FL_Single_Icon_UnknownFile.tgf 348->256byte
Compress ZLIB FL_Double_Icon_UnknownFile.tgf 2584->916byte
Compress ZLIB FL_Single_Icon_Sound.tgf 476->292byte
Compress ZLIB FL_Double_Icon_Sound.tgf 2464->852byte
Compress ZLIB FL_Single_Icon_Image.tgf 464->184byte
Compress ZLIB FL_Double_Icon_Image.tgf 2492->892byte
Compress ZLIB FL_Single_Icon_Video.tgf 596->260byte
Compress ZLIB FL_Double_Icon_Video.tgf 2576->904byte
Compress ZLIB FL_Single_Icon_NDSROM.tgf 460->256byte
Compress ZLIB FL_Double_Icon_NDSROM.tgf 2528->888byte
Compress ZLIB FL_Single_Icon_Skin.tgf 452->308byte
Compress ZLIB FL_Double_Icon_Skin.tgf 2536->896byte
Compress ZLIB FL_Single_Icon_Text.tgf 456->128byte
Compress ZLIB FL_Double_Icon_Text.tgf 2236->580byte
Compress ZLIB FLCLK_BG.tgf 6972->816byte
Compress ZLIB FLCLK_digits.tgf 3464->824byte
Compress ZLIB iv_OverlayBG.b15 98312->652byte
Compress ZLIB iv_prgbar_off.b15 8200->1020byte
Compress ZLIB iv_prgbar_on.b15 8200->1016byte
Compress ZLIB SB_BG.tgf 8->16byte
Compress ZLIB SB_DownBtn_Normal.tgf 424->80byte
Compress ZLIB SB_DownBtn_Press.tgf 424->68byte
Compress ZLIB SB_UpBtn_Normal.tgf 456->136byte
Compress ZLIB SB_UpBtn_Press.tgf 424->68byte
Compress ZLIB SB_GripBG_Normal.tgf 36->24byte
Compress ZLIB SB_GripBG_Press.tgf 36->24byte
Compress ZLIB SB_GripBottom_Normal.tgf 124->28byte
Compress ZLIB SB_GripBottom_Press.tgf 124->28byte
Compress ZLIB SB_GripTop_Normal.tgf 124->32byte
Compress ZLIB SB_GripTop_Press.tgf 124->28byte
Compress ZLIB Setup_BG_Top.b15 98312->31296byte
Compress ZLIB Setup_BG_Bottom.b15 98312->24992byte
Compress ZLIB Setup_ChkOverlayOn.tgf 316->44byte
Compress ZLIB Setup_RadioOverlayOn.tgf 316->44byte
Compress ZLIB SysMenu_BG.tgf 92424->7648byte
Compress ZLIB SysMenu_SelectBar.tgf 1164->248byte
Compress ZLIB mp_bg.b15 73736->15764byte
Compress ZLIB mp_seekbar_off.b15 24584->5116byte
Compress ZLIB mp_seekbar_on.b15 24584->5352byte
Compress ZLIB mp_next.tgf 1112->344byte
Compress ZLIB mp_pause.tgf 1332->360byte
Compress ZLIB mp_play.tgf 1092->48byte
Compress ZLIB mp_prev.tgf 1112->344byte
Compress ZLIB mp_mode_allrep.tgf 1724->644byte
Compress ZLIB mp_mode_random.tgf 1672->648byte
Compress ZLIB mp_mode_repeat.tgf 1844->620byte
Compress ZLIB mp_stop.tgf 900->56byte
Compress ZLIB mp_volbar_off.tgf 6340->128byte
Compress ZLIB mp_volbar_on.tgf 6432->412byte
Compress ZLIB mp_backlight.tgf 1312->804byte
Compress ZLIB mp_seekbargrip.tgf 620->60byte
Compress ZLIB mp_digits.tgf 3464->824byte
Compress ZLIB Launch_BGTop.b15 98312->30400byte
Compress ZLIB Launch_BGBottom.b15 98312->22556byte
Compress ZLIB Launch_Item_ClearBG.tgf 72->16byte
Compress ZLIB Launch_Item_SelectBG.tgf 15848->160byte
Compress ZLIB Launch_Tab0_Launch.tgf 100592->3420byte
Compress ZLIB Launch_Tab1_NDS.tgf 100344->3156byte
Compress ZLIB Launch_FileInfoFrame.tgf 103572->7964byte
Compress ZLIB LongTap_f0.tgf 1604->820byte
Compress ZLIB LongTap_f1.tgf 1604->812byte
Compress ZLIB LongTap_f2.tgf 1604->820byte
Compress ZLIB LongTap_f3.tgf 1604->824byte
Compress ZLIB LongTap_f4.tgf 1604->820byte
Compress ZLIB LongTap_f5.tgf 1604->812byte
Compress ZLIB LongTap_f6.tgf 1604->812byte
Compress ZLIB LongTap_f7.tgf 1604->816byte
Compress ZLIB MP3Cnt_p0.tgf 3652->676byte
Compress ZLIB MP3Cnt_p1_prev.tgf 5692->904byte
Compress ZLIB MP3Cnt_p2_stop.tgf 5796->868byte
Compress ZLIB MP3Cnt_p2_play.tgf 5608->596byte
Compress ZLIB MP3Cnt_p2_pause.tgf 5812->948byte
Compress ZLIB MP3Cnt_p3_next.tgf 5744->948byte
Compress ZLIB MP3Cnt_p4_repeat.tgf 7324->1588byte
Compress ZLIB MP3Cnt_p4_allrep.tgf 7176->1456byte
Compress ZLIB MP3Cnt_p4_shuffle.tgf 6884->896byte
Compress ZLIB Custom_TopMsg.b15 98312->33444byte
Compress ZLIB Custom_BG.b15 262152->68752byte
Compress ZLIB SCN_BG.b15 98312->20656byte
Compress ZLIB SCN_Font16.tgf 3472->1312byte
Compress ZLIB SCN_Font24.tgf 6596->2084byte
Compress ZLIB SCN_Font56.tgf 23136->5592byte
Compress ZLIB SCN_CalenderFont.tgf 576->128byte
Compress ZLIB SCN_CalenderTodayFont.tgf 576->128byte
Compress ZLIB SCN_WeekStr.tgf 5512->1548byte
Compress ZLIB SCD_BG.b15 98312->20668byte
Compress ZLIB SCD_Font16.tgf 4568->1748byte
Compress ZLIB SCD_Font24.tgf 2012->616byte
Compress ZLIB SCD_Font56.tgf 17108->5336byte
Compress ZLIB SCD_CalenderFont.tgf 576->128byte
Compress ZLIB SCD_CalenderTodayFont.tgf 576->128byte
Compress ZLIB SCD_WeekStr.tgf 4924->1784byte
Compress ZLIB SCE_BG.b15 98312->20612byte
Compress ZLIB SCE_Font16.tgf 4188->1148byte
Compress ZLIB SCE_Font24.tgf 2424->440byte
Compress ZLIB SCE_Font56.tgf 30404->4124byte
Compress ZLIB SCE_CalenderFont.tgf 576->128byte
Compress ZLIB SCE_CalenderTodayFont.tgf 576->128byte
Compress ZLIB SCE_WeekStr.tgf 7028->1328byte
Compress ZLIB TV_PageBG.b15 98312->24596byte
Compress ZLIB TV_Bookmark_LoadBG.b15 98312->22976byte
Compress ZLIB TV_Bookmark_SaveBG.b15 98312->22976byte
Compress ZLIB TV_Bookmark_PreviewBG.b15 98312->24596byte
Compress ZLIB TV_Bookmark_Cursor.tgf 4596->676byte
Compress ZLIB TV_Bookmark_Clear.tgf 1232->428byte
Compress ZLIB TV_Bookmark_Slot0Icon.tgf 1140->416byte
Compress ZLIB TV_Bookmark_Slot1Icon.tgf 1152->416byte
Compress ZLIB TV_Bookmark_Slot2Icon.tgf 1128->424byte
Compress ZLIB TV_Bookmark_Slot3Icon.tgf 1076->400byte
Compress ZLIB MemoEdit_BGTop.b15 98312->32564byte
Compress ZLIB MemoEdit_BGBottom.b15 98312->4984byte
Compress ZLIB MemoEdit_FileInfoBG.tgf 16516->140byte
Compress ZLIB MemoList_BG.b15 98312->24520byte
Terminate.
