MakeSkin.exe ver 0.4

Total decompressed binary size = 3040896byte
Compress ZLIB colortbl.ini 2804->1100byte
Compress ZLIB ErrorDialogBG.tgf 30112->2008byte
Compress ZLIB cmps_BoxMin.tgf 384->80byte
Compress ZLIB cmps_BoxPlus.tgf 384->80byte
Compress ZLIB cmps_ChkOff.tgf 368->44byte
Compress ZLIB cmps_ChkOn.tgf 368->88byte
Compress ZLIB cmps_RadioOff.tgf 204->72byte
Compress ZLIB cmps_RadioOn.tgf 204->80byte
Compress ZLIB cmps_Ok.tgf 248->100byte
Compress ZLIB cmps_Cancel.tgf 444->184byte
Compress ZLIB FL_BG_TopMsg.b15 98312->48432byte
Compress ZLIB FL_BG_Top.b15 98312->35536byte
Compress ZLIB FL_BG_Bottom.b15 98312->35996byte
Compress ZLIB FL_DeleteFileDialog.b15 24584->6940byte
Compress ZLIB FL_Single_ItemBG_Clear.tgf 1100->44byte
Compress ZLIB FL_Double_ItemBG_Clear.tgf 1164->44byte
Compress ZLIB FL_Single_ItemBG_Select.tgf 9292->104byte
Compress ZLIB FL_Double_ItemBG_Select.tgf 17548->144byte
Compress ZLIB FL_Single_ItemBG_PlayIcon.tgf 820->404byte
Compress ZLIB FL_Double_ItemBG_PlayIcon.tgf 800->400byte
Compress ZLIB FL_Single_Icon_UpFolder.tgf 384->216byte
Compress ZLIB FL_Double_Icon_UpFolder.tgf 1272->396byte
Compress ZLIB FL_Single_Icon_Folder.tgf 484->152byte
Compress ZLIB FL_Double_Icon_Folder.tgf 1176->240byte
Compress ZLIB FL_Single_Icon_UnknownFile.tgf 396->268byte
Compress ZLIB FL_Double_Icon_UnknownFile.tgf 1816->664byte
Compress ZLIB FL_Single_Icon_Sound.tgf 536->304byte
Compress ZLIB FL_Double_Icon_Sound.tgf 1800->524byte
Compress ZLIB FL_Single_Icon_Image.tgf 492->224byte
Compress ZLIB FL_Double_Icon_Image.tgf 1808->564byte
Compress ZLIB FL_Single_Icon_Video.tgf 596->228byte
Compress ZLIB FL_Double_Icon_Video.tgf 1792->468byte
Compress ZLIB FL_Single_Icon_NDSROM.tgf 512->292byte
Compress ZLIB FL_Double_Icon_NDSROM.tgf 1812->572byte
Compress ZLIB FL_Single_Icon_Skin.tgf 516->348byte
Compress ZLIB FL_Double_Icon_Skin.tgf 1820->612byte
Compress ZLIB FL_Single_Icon_Text.tgf 580->156byte
Compress ZLIB FL_Double_Icon_Text.tgf 1764->384byte
Compress ZLIB FLCLK_BG.tgf 4888->276byte
Compress ZLIB FLCLK_digits.tgf 3464->824byte
Compress ZLIB iv_OverlayBG.b15 98312->652byte
Compress ZLIB iv_prgbar_off.b15 8200->1072byte
Compress ZLIB iv_prgbar_on.b15 8200->612byte
Compress ZLIB SB_BG.tgf 5764->92byte
Compress ZLIB SB_DownBtn_Normal.tgf 452->112byte
Compress ZLIB SB_DownBtn_Press.tgf 444->112byte
Compress ZLIB SB_UpBtn_Normal.tgf 488->144byte
Compress ZLIB SB_UpBtn_Press.tgf 480->144byte
Compress ZLIB SB_GripBG_Normal.tgf 36->28byte
Compress ZLIB SB_GripBG_Press.tgf 36->28byte
Compress ZLIB SB_GripBottom_Normal.tgf 140->56byte
Compress ZLIB SB_GripBottom_Press.tgf 136->56byte
Compress ZLIB SB_GripTop_Normal.tgf 128->48byte
Compress ZLIB SB_GripTop_Press.tgf 124->40byte
Compress ZLIB Setup_BG_Top.b15 98312->36396byte
Compress ZLIB Setup_BG_Bottom.b15 98312->32752byte
Compress ZLIB Setup_ChkOverlayOn.tgf 368->88byte
Compress ZLIB Setup_RadioOverlayOn.tgf 204->80byte
Compress ZLIB SysMenu_BG.tgf 74580->2832byte
Compress ZLIB SysMenu_SelectBar.tgf 1000->48byte
Compress ZLIB mp_bg.b15 73736->27044byte
Compress ZLIB mp_seekbar_off.b15 24584->8144byte
Compress ZLIB mp_seekbar_on.b15 24584->7620byte
Compress ZLIB mp_next.tgf 2084->592byte
Compress ZLIB mp_pause.tgf 1352->416byte
Compress ZLIB mp_play.tgf 2180->196byte
Compress ZLIB mp_prev.tgf 2084->596byte
Compress ZLIB mp_mode_allrep.tgf 3168->764byte
Compress ZLIB mp_mode_random.tgf 2608->704byte
Compress ZLIB mp_mode_repeat.tgf 2868->644byte
Compress ZLIB mp_stop.tgf 1844->236byte
Compress ZLIB mp_volbar_off.tgf 6296->212byte
Compress ZLIB mp_volbar_on.tgf 6296->216byte
Compress ZLIB mp_backlight.tgf 624->512byte
Compress ZLIB mp_seekbargrip.tgf 468->148byte
Compress ZLIB mp_digits.tgf 3464->824byte
Compress ZLIB Launch_BGTop.b15 98312->44848byte
Compress ZLIB Launch_BGBottom.b15 98312->44852byte
Compress ZLIB Launch_Item_ClearBG.tgf 72->16byte
Compress ZLIB Launch_Item_SelectBG.tgf 15848->160byte
Compress ZLIB Launch_Tab0_Launch.tgf 95072->2888byte
Compress ZLIB Launch_Tab1_NDS.tgf 95072->2892byte
Compress ZLIB Launch_FileInfoFrame.tgf 94532->4188byte
Compress ZLIB LongTap_f0.tgf 444->320byte
Compress ZLIB LongTap_f1.tgf 752->436byte
Compress ZLIB LongTap_f2.tgf 1064->544byte
Compress ZLIB LongTap_f3.tgf 1384->664byte
Compress ZLIB LongTap_f4.tgf 1700->792byte
Compress ZLIB LongTap_f5.tgf 2020->888byte
Compress ZLIB LongTap_f6.tgf 2352->992byte
Compress ZLIB LongTap_f7.tgf 2692->1116byte
Compress ZLIB MP3Cnt_p0.tgf 3524->512byte
Compress ZLIB MP3Cnt_p1_prev.tgf 5704->968byte
Compress ZLIB MP3Cnt_p2_stop.tgf 5396->284byte
Compress ZLIB MP3Cnt_p2_play.tgf 5508->456byte
Compress ZLIB MP3Cnt_p2_pause.tgf 5500->252byte
Compress ZLIB MP3Cnt_p3_next.tgf 5612->604byte
Compress ZLIB MP3Cnt_p4_repeat.tgf 5848->700byte
Compress ZLIB MP3Cnt_p4_allrep.tgf 6016->868byte
Compress ZLIB MP3Cnt_p4_shuffle.tgf 5912->776byte
Compress ZLIB Custom_TopMsg.b15 98312->36672byte
Compress ZLIB Custom_BG.b15 262152->74800byte
Compress ZLIB SCN_BG.b15 98312->35968byte
Compress ZLIB SCN_Font16.tgf 3472->1312byte
Compress ZLIB SCN_Font24.tgf 6596->2084byte
Compress ZLIB SCN_Font56.tgf 23136->5592byte
Compress ZLIB SCN_CalenderFont.tgf 576->128byte
Compress ZLIB SCN_CalenderTodayFont.tgf 576->128byte
Compress ZLIB SCN_WeekStr.tgf 5512->1548byte
Compress ZLIB SCD_BG.b15 98312->35968byte
Compress ZLIB SCD_Font16.tgf 3744->404byte
Compress ZLIB SCD_Font24.tgf 4148->484byte
Compress ZLIB SCD_Font56.tgf 18412->1096byte
Compress ZLIB SCD_CalenderFont.tgf 576->128byte
Compress ZLIB SCD_CalenderTodayFont.tgf 576->128byte
Compress ZLIB SCD_WeekStr.tgf 5264->648byte
Compress ZLIB SCE_BG.b15 98312->35968byte
Compress ZLIB SCE_Font16.tgf 4796->1340byte
Compress ZLIB SCE_Font24.tgf 2696->732byte
Compress ZLIB SCE_Font56.tgf 31112->4260byte
Compress ZLIB SCE_CalenderFont.tgf 576->128byte
Compress ZLIB SCE_CalenderTodayFont.tgf 576->128byte
Compress ZLIB SCE_WeekStr.tgf 5808->1444byte
Compress ZLIB TV_PageBG.b15 98312->1552byte
Compress ZLIB TV_Bookmark_LoadBG.b15 98312->1232byte
Compress ZLIB TV_Bookmark_SaveBG.b15 98312->1224byte
Compress ZLIB TV_Bookmark_PreviewBG.b15 98312->764byte
Compress ZLIB TV_Bookmark_Cursor.tgf 16960->280byte
Compress ZLIB TV_Bookmark_Clear.tgf 16960->280byte
Compress ZLIB TV_Bookmark_Slot0Icon.tgf 612->300byte
Compress ZLIB TV_Bookmark_Slot1Icon.tgf 612->304byte
Compress ZLIB TV_Bookmark_Slot2Icon.tgf 612->296byte
Compress ZLIB TV_Bookmark_Slot3Icon.tgf 612->316byte
Compress ZLIB MemoEdit_BGTop.b15 98312->44852byte
Compress ZLIB MemoEdit_BGBottom.b15 98312->4092byte
Compress ZLIB MemoEdit_FileInfoBG.tgf 16516->196byte
Compress ZLIB MemoList_BG.b15 98312->37964byte
Terminate.
